<?xml version="1.0" encoding="UTF-8"?>
<testsuite xmlns:xsi="http://www.w3.org/2001/XMLSchema-instance" xsi:noNamespaceSchemaLocation="https://maven.apache.org/surefire/maven-surefire-plugin/xsd/surefire-test-report.xsd" name="TestSuite" time="9.863" tests="4" errors="0" skipped="0" failures="3">
  <properties>
[...]
</properties>
  <testcase name="basicAuthorization" classname="com.apiTests.BasicAuthTests" time="3.743"/>
  <testcase name="basicAuthorization" classname="com.apiTests.BasicAuthTests" time="1.315">
    <failure message="The following asserts failed:&#10;	same how bad request or credentials worng  expected [200] but found [401]" type="java.lang.AssertionError">java.lang.AssertionError: 
The following asserts failed:
	same how bad request or credentials worng  expected [200] but found [401]
	at com.apiTests.BasicAuthTests.basicAuthorization(BasicAuthTests.java:160)
</failure>
    <system-out><![CDATA[HTTP/1.1 401 Unauthorized
Date: Tue, 02 Jul 2019 11:06:05 GMT
Server: Apigee LB
Content-Length: 0
Connection: keep-alive
status code: 401 -->with massage : HTTP/1.1 401 Unauthorized
]]></system-out>
  </testcase>
  <testcase name="basicAuthorization" classname="com.apiTests.BasicAuthTests" time="0.758">
    <failure message="The following asserts failed:&#10;	same how bad request or credentials worng  expected [200] but found [401]" type="java.lang.AssertionError">java.lang.AssertionError: 
The following asserts failed:
	same how bad request or credentials worng  expected [200] but found [401]
	at com.apiTests.BasicAuthTests.basicAuthorization(BasicAuthTests.java:160)
</failure>
    <system-out><![CDATA[HTTP/1.1 401 Unauthorized
Date: Tue, 02 Jul 2019 11:06:06 GMT
Server: Apigee LB
Content-Length: 0
Connection: keep-alive
status code: 401 -->with massage : HTTP/1.1 401 Unauthorized
]]></system-out>
  </testcase>
  <testcase name="basicAuthorization" classname="com.apiTests.BasicAuthTests" time="0.771">
    <failure message="The following asserts failed:&#10;	same how bad request or credentials worng  expected [200] but found [401]" type="java.lang.AssertionError">java.lang.AssertionError: 
The following asserts failed:
	same how bad request or credentials worng  expected [200] but found [401]
	at com.apiTests.BasicAuthTests.basicAuthorization(BasicAuthTests.java:160)
</failure>
    <system-out><![CDATA[HTTP/1.1 401 Unauthorized
Date: Tue, 02 Jul 2019 11:06:07 GMT
Server: Apigee LB
Content-Length: 0
Connection: keep-alive
status code: 401 -->with massage : HTTP/1.1 401 Unauthorized
]]></system-out>
  </testcase>
</testsuite>